[    0.000000] Initializing cgroup subsys cpuset
[    0.000000] Initializing cgroup subsys cpu
[    0.000000] Initializing cgroup subsys cpuacct
[    0.000000] Linux version 4.4.0-146-generic (buildd@lcy01-amd64-025) (gcc version 5.4.0 20160609 (Ubuntu 5.4.0-6ubuntu1~16.04.10) ) #172-Ubuntu SMP Wed Apr 3 09:00:08 UTC 2019 (Ubuntu 4.4.0-146.172-generic 4.4.177)
[    0.000000] Command line: BOOT_IMAGE=/boot/vmlinuz-4.4.0-146-generic root=LABEL=cloudimg-rootfs ro console=tty1 console=ttyS0
[    0.000000] KERNEL supported cpus:
[    0.000000]   Intel GenuineIntel
[    0.000000]   AMD AuthenticAMD
[    0.000000]   Centaur CentaurHauls
[    0.000000] x86/fpu: xstate_offset[2]:  576, xstate_sizes[2]:  256
[    0.000000] x86/fpu: Supporting XSAVE feature 0x01: 'x87 floating point registers'
[    0.000000] x86/fpu: Supporting XSAVE feature 0x02: 'SSE registers'
[    0.000000] x86/fpu: Supporting XSAVE feature 0x04: 'AVX registers'
[    0.000000] x86/fpu: Enabled xstate features 0x7, context size is 832 bytes, using 'standard' format.
[    0.000000] e820: BIOS-provided physical RAM map:
[    0.000000] BIOS-e820: [mem 0x0000000000000000-0x000000000009fbff] usable
[    0.000000] BIOS-e820: [mem 0x000000000009fc00-0x000000000009ffff] reserved
[    0.000000] BIOS-e820: [mem 0x00000000000f0000-0x00000000000fffff] reserved
[    0.000000] BIOS-e820: [mem 0x0000000000100000-0x000000003ffeffff] usable
[    0.000000] BIOS-e820: [mem 0x000000003fff0000-0x000000003fffffff] ACPI data
[    0.000000] BIOS-e820: [mem 0x00000000fec00000-0x00000000fec00fff] reserved
[    0.000000] BIOS-e820: [mem 0x00000000fee00000-0x00000000fee00fff] reserved
[    0.000000] BIOS-e820: [mem 0x00000000fffc0000-0x00000000ffffffff] reserved
[    0.000000] NX (Execute Disable) protection: active
[    0.000000] SMBIOS 2.5 present.
[    0.000000] Hypervisor detected: KVM
[    0.000000] e820: last_pfn = 0x3fff0 max_arch_pfn = 0x400000000
[    0.000000] MTRR: Disabled
[    0.000000] x86/PAT: MTRRs disabled, skipping PAT initialization too.
[    0.000000] CPU MTRRs all blank - virtualized system.
[    0.000000] x86/PAT: Configuration [0-7]: WB  WT  UC- UC  WB  WT  UC- UC  
[    0.000000] found SMP MP-table at [mem 0x0009fff0-0x0009ffff] mapped at [ffff88000009fff0]
[    0.000000] Scanning 1 areas for low memory corruption
[    0.000000] RAMDISK: [mem 0x362fa000-0x37174fff]
[    0.000000] ACPI: Early table checksum verification disabled
[    0.000000] ACPI: RSDP 0x00000000000E0000 000024 (v02 VBOX  )
[    0.000000] ACPI: XSDT 0x000000003FFF0030 00003C (v01 VBOX   VBOXXSDT 00000001 ASL  00000061)
[    0.000000] ACPI: FACP 0x000000003FFF00F0 0000F4 (v04 VBOX   VBOXFACP 00000001 ASL  00000061)
[    0.000000] ACPI: DSDT 0x000000003FFF0470 0022EA (v02 VBOX   VBOXBIOS 00000002 INTL 20100528)
[    0.000000] ACPI: FACS 0x000000003FFF0200 000040
[    0.000000] ACPI: FACS 0x000000003FFF0200 000040
[    0.000000] ACPI: APIC 0x000000003FFF0240 00005C (v02 VBOX   VBOXAPIC 00000001 ASL  00000061)
[    0.000000] ACPI: SSDT 0x000000003FFF02A0 0001CC (v01 VBOX   VBOXCPUT 00000002 INTL 20100528)
[    0.000000] No NUMA configuration found
[    0.000000] Faking a node at [mem 0x0000000000000000-0x000000003ffeffff]
[    0.000000] NODE_DATA(0) allocated [mem 0x3ffeb000-0x3ffeffff]
[    0.000000] kvm-clock: Using msrs 4b564d01 and 4b564d00
[    0.000000] kvm-clock: cpu 0, msr 0:3ffe3001, primary cpu clock
[    0.000000] kvm-clock: using sched offset of 4217261718 cycles
[    0.000000] clocksource: kvm-clock: mask: 0xffffffffffffffff max_cycles: 0x1cd42e4dffb, max_idle_ns: 881590591483 ns
[    0.000000] Zone ranges:
[    0.000000]   DMA      [mem 0x0000000000001000-0x0000000000ffffff]
[    0.000000]   DMA32    [mem 0x0000000001000000-0x000000003ffeffff]
[    0.000000]   Normal   empty
[    0.000000]   Device   empty
[    0.000000] Movable zone start for each node
[    0.000000] Early memory node ranges
[    0.000000]   node   0: [mem 0x0000000000001000-0x000000000009efff]
[    0.000000]   node   0: [mem 0x0000000000100000-0x000000003ffeffff]
[    0.000000] Initmem setup node 0 [mem 0x0000000000001000-0x000000003ffeffff]
[    0.000000] ACPI: PM-Timer IO Port: 0x4008
[    0.000000] IOAPIC[0]: apic_id 2, version 32, address 0xfec00000, GSI 0-23
[    0.000000] ACPI: INT_SRC_OVR (bus 0 bus_irq 0 global_irq 2 dfl dfl)
[    0.000000] ACPI: INT_SRC_OVR (bus 0 bus_irq 9 global_irq 9 low level)
[    0.000000] Using ACPI (MADT) for SMP configuration information
[    0.000000] smpboot: Allowing 2 CPUs, 0 hotplug CPUs
[    0.000000] PM: Registered nosave memory: [mem 0x00000000-0x00000fff]
[    0.000000] PM: Registered nosave memory: [mem 0x0009f000-0x0009ffff]
[    0.000000] PM: Registered nosave memory: [mem 0x000a0000-0x000effff]
[    0.000000] PM: Registered nosave memory: [mem 0x000f0000-0x000fffff]
[    0.000000] e820: [mem 0x40000000-0xfebfffff] available for PCI devices
[    0.000000] Booting paravirtualized kernel on KVM
[    0.000000] clocksource: refined-jiffies: mask: 0xffffffff max_cycles: 0xffffffff, max_idle_ns: 7645519600211568 ns
[    0.000000] setup_percpu: NR_CPUS:512 nr_cpumask_bits:512 nr_cpu_ids:2 nr_node_ids:1
[    0.000000] PERCPU: Embedded 34 pages/cpu @ffff88003fc00000 s99480 r8192 d31592 u1048576
[    0.000000] Built 1 zonelists in Node order, mobility grouping on.  Total pages: 257912
[    0.000000] Policy zone: DMA32
[    0.000000] Kernel command line: BOOT_IMAGE=/boot/vmlinuz-4.4.0-146-generic root=LABEL=cloudimg-rootfs ro console=tty1 console=ttyS0
[    0.000000] PID hash table entries: 4096 (order: 3, 32768 bytes)
[    0.000000] Memory: 997732K/1048120K available (8609K kernel code, 1334K rwdata, 4028K rodata, 1484K init, 1284K bss, 50388K reserved, 0K cma-reserved)
[    0.000000] SLUB: HWalign=64, Order=0-3, MinObjects=0, CPUs=2, Nodes=1
[    0.000000] Kernel/User page tables isolation: enabled
[    0.000000] Hierarchical RCU implementation.
[    0.000000] 	Build-time adjustment of leaf fanout to 64.
[    0.000000] 	RCU restricting CPUs from NR_CPUS=512 to nr_cpu_ids=2.
[    0.000000] RCU: Adjusting geometry for rcu_fanout_leaf=64, nr_cpu_ids=2
[    0.000000] NR_IRQS:33024 nr_irqs:440 16
[    0.000000] Console: colour VGA+ 80x25
[    0.000000] console [tty1] enabled
[    0.000000] console [ttyS0] enabled
[    0.000000] tsc: Detected 1599.999 MHz processor
[    0.284745] Calibrating delay loop (skipped) preset value.. 3199.99 BogoMIPS (lpj=6399996)
[    0.288273] pid_max: default: 32768 minimum: 301
[    0.290761] ACPI: Core revision 20150930
[    0.293579] ACPI: 2 ACPI AML tables successfully acquired and loaded
[    0.296602] Security Framework initialized
[    0.298435] Yama: becoming mindful.
[    0.300087] AppArmor: AppArmor initialized
[    0.301894] Dentry cache hash table entries: 131072 (order: 8, 1048576 bytes)
[    0.306877] Inode-cache hash table entries: 65536 (order: 7, 524288 bytes)
[    0.311108] Mount-cache hash table entries: 2048 (order: 2, 16384 bytes)
[    0.313849] Mountpoint-cache hash table entries: 2048 (order: 2, 16384 bytes)
[    0.316787] Initializing cgroup subsys io
[    0.318466] Initializing cgroup subsys memory
[    0.320256] Initializing cgroup subsys devices
[    0.321996] Initializing cgroup subsys freezer
[    0.324012] Initializing cgroup subsys net_cls
[    0.326386] Initializing cgroup subsys perf_event
[    0.329160] Initializing cgroup subsys net_prio
[    0.331661] Initializing cgroup subsys hugetlb
[    0.333685] Initializing cgroup subsys pids
[    0.336643] mce: CPU supports 0 MCE banks
[    0.338442] Last level iTLB entries: 4KB 64, 2MB 8, 4MB 8
[    0.341168] Last level dTLB entries: 4KB 64, 2MB 0, 4MB 0, 1GB 4
[    0.344323] Spectre V2 : Mitigation: Full generic retpoline
[    0.346798] Spectre V2 : Spectre v2 / SpectreRSB mitigation: Filling RSB on context switch
[    0.350330] Speculative Store Bypass: Vulnerable
[    0.355979] Freeing SMP alternatives memory: 36K
[    0.365042] ftrace: allocating 32287 entries in 127 pages
[    0.442976] smpboot: APIC(0) Converting physical 0 to logical package 0
[    0.445859] smpboot: Max logical packages: 1
[    0.447971] x2apic enabled
[    0.449431] Switched APIC routing to physical x2apic.
[    0.454051] ..TIMER: vector=0x30 apic1=0 pin1=2 apic2=-1 pin2=-1
[    0.562747] smpboot: CPU0: Intel(R) Core(TM) i5-5250U CPU @ 1.60GHz (family: 0x6, model: 0x3d, stepping: 0x4)
[    0.567077] Performance Events: unsupported p6 CPU model 61 no PMU driver, software events only.
[    0.585895] KVM setup paravirtual spinlock
[    0.589124] x86: Booting SMP configuration:
[    0.592100] .... node  #0, CPUs:      #1
[    0.594548] kvm-clock: cpu 1, msr 0:3ffe3041, secondary cpu clock
[    0.598535] mce: CPU supports 0 MCE banks
[    0.602418] x86: Booted up 1 node, 2 CPUs
[    0.607252] smpboot: Total of 2 processors activated (6399.99 BogoMIPS)
[    0.613198] devtmpfs: initialized
[    0.617216] evm: security.selinux
[    0.620179] evm: security.SMACK64
[    0.623622] evm: security.SMACK64EXEC
[    0.626823] evm: security.SMACK64TRANSMUTE
[    0.629761] evm: security.SMACK64MMAP
[    0.633589] evm: security.ima
[    0.636587] evm: security.capability
[    0.640507] clocksource: jiffies: mask: 0xffffffff max_cycles: 0xffffffff, max_idle_ns: 7645041785100000 ns
[    0.651227] futex hash table entries: 512 (order: 3, 32768 bytes)
[    0.657334] pinctrl core: initialized pinctrl subsystem
[    0.662373] RTC time:  9:50:35, date: 05/14/19
[    0.668057] NET: Registered protocol family 16
[    0.682618] cpuidle: using governor ladder
[    0.701552] cpuidle: using governor menu
[    0.704747] PCCT header not found.
[    0.709715] ACPI: bus type PCI registered
[    0.713161] acpiphp: ACPI Hot Plug PCI Controller Driver version: 0.5
[    0.718091] PCI: Using configuration type 1 for base access
[    0.736095] ACPI: Added _OSI(Module Device)
[    0.738089] ACPI: Added _OSI(Processor Device)
[    0.740009] ACPI: Added _OSI(3.0 _SCP Extensions)
[    0.743038] ACPI: Added _OSI(Processor Aggregator Device)
[    0.746410] ACPI: Executed 1 blocks of module-level executable AML code
[    0.753443] ACPI: Interpreter enabled
[    0.756163] ACPI: (supports S0 S5)
[    0.758057] ACPI: Using IOAPIC for interrupt routing
[    0.760523] PCI: Using host bridge windows from ACPI; if necessary, use "pci=nocrs" and report a bug
[    0.770537] ACPI: PCI Root Bridge [PCI0] (domain 0000 [bus 00-ff])
[    0.773612] acpi PNP0A03:00: _OSC: OS supports [ASPM ClockPM Segments MSI]
[    0.777263] acpi PNP0A03:00: _OSC: not requesting OS control; OS requires [ExtendedConfig ASPM ClockPM MSI]
[    0.781137] acpi PNP0A03:00: fail to add MMCONFIG information, can't access extended PCI configuration space under this bridge.
[    0.787551] PCI host bridge to bus 0000:00
[    0.789514] pci_bus 0000:00: root bus resource [io  0x0000-0x0cf7 window]
[    0.793390] pci_bus 0000:00: root bus resource [io  0x0d00-0xffff window]
[    0.796455] pci_bus 0000:00: root bus resource [mem 0x000a0000-0x000bffff window]
[    0.799777] pci_bus 0000:00: root bus resource [mem 0x40000000-0xfdffffff window]
[    0.802968] pci_bus 0000:00: root bus resource [bus 00-ff]
[    0.810561] pci 0000:00:01.1: legacy IDE quirk: reg 0x10: [io  0x01f0-0x01f7]
[    0.813538] pci 0000:00:01.1: legacy IDE quirk: reg 0x14: [io  0x03f6]
[    0.816603] pci 0000:00:01.1: legacy IDE quirk: reg 0x18: [io  0x0170-0x0177]
[    0.819567] pci 0000:00:01.1: legacy IDE quirk: reg 0x1c: [io  0x0376]
[    0.853180] pci 0000:00:07.0: quirk: [io  0x4000-0x403f] claimed by PIIX4 ACPI
[    0.857835] pci 0000:00:07.0: quirk: [io  0x4100-0x410f] claimed by PIIX4 SMB
[    0.893828] ACPI: PCI Interrupt Link [LNKA] (IRQs 5 9 10 *11)
[    0.897038] ACPI: PCI Interrupt Link [LNKB] (IRQs 5 9 *10 11)
[    0.900202] ACPI: PCI Interrupt Link [LNKC] (IRQs 5 *9 10 11)
[    0.904243] ACPI: PCI Interrupt Link [LNKD] (IRQs 5 9 10 *11)
[    0.908754] ACPI: Enabled 2 GPEs in block 00 to 07
[    0.911312] vgaarb: setting as boot device: PCI:0000:00:02.0
[    0.914571] vgaarb: device added: PCI:0000:00:02.0,decodes=io+mem,owns=io+mem,locks=none
[    0.918253] vgaarb: loaded
[    0.919577] vgaarb: bridge control possible 0000:00:02.0
[    0.922170] SCSI subsystem initialized
[    0.925151] ACPI: bus type USB registered
[    0.927068] usbcore: registered new interface driver usbfs
[    0.929533] usbcore: registered new interface driver hub
[    0.931960] usbcore: registered new device driver usb
[    0.934393] PCI: Using ACPI for IRQ routing
[    0.937170] NetLabel: Initializing
[    0.939720] NetLabel:  domain hash size = 128
[    0.942440] NetLabel:  protocols = UNLABELED CIPSOv4
[    0.946768] NetLabel:  unlabeled traffic allowed by default
[    0.949498] amd_nb: Cannot enumerate AMD northbridges
[    0.951884] clocksource: Switched to clocksource kvm-clock
[    0.965080] AppArmor: AppArmor Filesystem Enabled
[    0.967348] pnp: PnP ACPI init
[    0.971724] pnp: PnP ACPI: found 3 devices
[    0.988021] clocksource: acpi_pm: mask: 0xffffff max_cycles: 0xffffff, max_idle_ns: 2085701024 ns
[    0.991972] NET: Registered protocol family 2
[    0.994006] TCP established hash table entries: 8192 (order: 4, 65536 bytes)
[    0.997084] TCP bind hash table entries: 8192 (order: 5, 131072 bytes)
[    1.000384] TCP: Hash tables configured (established 8192 bind 8192)
[    1.003587] UDP hash table entries: 512 (order: 2, 16384 bytes)
[    1.006092] UDP-Lite hash table entries: 512 (order: 2, 16384 bytes)
[    1.009264] NET: Registered protocol family 1
[    1.011034] pci 0000:00:00.0: Limiting direct PCI/PCI transfers
[    1.013418] pci 0000:00:01.0: Activating ISA DMA hang workarounds
[    1.016188] Unpacking initramfs...
[    1.302769] Freeing initrd memory: 14828K
[    1.305353] RAPL PMU detected, API unit is 2^-32 Joules, 4 fixed counters 10737418240 ms ovfl timer
[    1.310290] hw unit of domain pp0-core 2^-0 Joules
[    1.312394] hw unit of domain package 2^-0 Joules
[    1.314275] hw unit of domain dram 2^-0 Joules
[    1.316180] hw unit of domain pp1-gpu 2^-0 Joules
[    1.318126] platform rtc_cmos: registered platform RTC device (no PNP device found)
[    1.321333] Scanning for low memory corruption every 60 seconds
[    1.325200] audit: initializing netlink subsys (disabled)
[    1.327454] audit: type=2000 audit(1557827442.272:1): initialized
[    1.330575] Initialise system trusted keyring
[    1.332735] HugeTLB registered 2 MB page size, pre-allocated 0 pages
[    1.337943] zbud: loaded
[    1.340299] VFS: Disk quotas dquot_6.6.0
[    1.342638] VFS: Dquot-cache hash table entries: 512 (order 0, 4096 bytes)
[    1.346003] squashfs: version 4.0 (2009/01/31) Phillip Lougher
[    1.348933] fuse init (API version 7.23)
[    1.350892] Key type big_key registered
[    1.352907] Allocating IMA MOK and blacklist keyrings.
[    1.358021] Key type asymmetric registered
[    1.360185] Asymmetric key parser 'x509' registered
[    1.362519] Block layer SCSI generic (bsg) driver version 0.4 loaded (major 249)
[    1.367109] io scheduler noop registered
[    1.369429] io scheduler deadline registered (default)
[    1.372039] io scheduler cfq registered
[    1.374154] pci_hotplug: PCI Hot Plug PCI Core version: 0.5
[    1.377260] pciehp: PCI Express Hot Plug Controller Driver version: 0.4
[    1.380482] ACPI: AC Adapter [AC] (off-line)
[    1.382356] input: Power Button as /devices/LNXSYSTM:00/LNXPWRBN:00/input/input0
[    1.385787] ACPI: Power Button [PWRF]
[    1.387497] input: Sleep Button as /devices/LNXSYSTM:00/LNXSLPBN:00/input/input1
[    1.390969] ACPI: Sleep Button [SLPF]
[    1.393596] GHES: HEST is not enabled!
[    1.395297] ACPI: Battery Slot [BAT0] (battery present)
[    1.399454] Serial: 8250/16550 driver, 32 ports, IRQ sharing enabled
[    1.423294] 00:02: ttyS0 at I/O 0x3f8 (irq = 4, base_baud = 115200) is a 16550A
[    1.433237] Linux agpgart interface v0.103
[    1.437769] loop: module loaded
[    1.440118] scsi host0: ata_piix
[    1.442670] scsi host1: ata_piix
[    1.444778] ata1: PATA max UDMA/33 cmd 0x1f0 ctl 0x3f6 bmdma 0xd000 irq 14
[    1.447826] ata2: PATA max UDMA/33 cmd 0x170 ctl 0x376 bmdma 0xd008 irq 15
[    1.450988] libphy: Fixed MDIO Bus: probed
[    1.452962] tun: Universal TUN/TAP device driver, 1.6
[    1.455154] tun: (C) 1999-2004 Max Krasnyansky <maxk@qualcomm.com>
[    1.458909] PPP generic driver version 2.4.2
[    1.461558] ehci_hcd: USB 2.0 'Enhanced' Host Controller (EHCI) Driver
[    1.464447] ehci-pci: EHCI PCI platform driver
[    1.466795] ehci-platform: EHCI generic platform driver
[    1.469236] ohci_hcd: USB 1.1 'Open' Host Controller (OHCI) Driver
[    1.471899] ohci-pci: OHCI PCI platform driver
[    1.473976] ohci-platform: OHCI generic platform driver
[    1.476879] uhci_hcd: USB Universal Host Controller Interface driver
[    1.479456] i8042: PNP: PS/2 Controller [PNP0303:PS2K,PNP0f03:PS2M] at 0x60,0x64 irq 1,12
[    1.483767] serio: i8042 KBD port at 0x60,0x64 irq 1
[    1.485944] serio: i8042 AUX port at 0x60,0x64 irq 12
[    1.490379] mousedev: PS/2 mouse device common for all mice
[    1.493853] input: AT Translated Set 2 keyboard as /devices/platform/i8042/serio0/input/input2
[    1.498272] rtc_cmos rtc_cmos: rtc core: registered rtc_cmos as rtc0
[    1.501129] rtc_cmos rtc_cmos: alarms up to one day, 114 bytes nvram
[    1.503702] i2c /dev entries driver
[    1.505926] device-mapper: uevent: version 1.0.3
[    1.508174] device-mapper: ioctl: 4.34.0-ioctl (2015-10-28) initialised: dm-devel@redhat.com
[    1.511832] ledtrig-cpu: registered to indicate activity on CPUs
[    1.515050] NET: Registered protocol family 10
[    1.517196] NET: Registered protocol family 17
[    1.519549] Key type dns_resolver registered
[    1.523065] registered taskstats version 1
[    1.525518] Loading compiled-in X.509 certificates
[    1.528381] Loaded X.509 cert 'Build time autogenerated kernel key: 4dcb2dc2c7cf43e0c20c44384f68683c20294489'
[    1.532381] zswap: loaded using pool lzo/zbud
[    1.536685] Key type trusted registered
[    1.543911] Key type encrypted registered
[    1.545691] AppArmor: AppArmor sha1 policy hashing enabled
[    1.548494] ima: No TPM chip found, activating TPM-bypass!
[    1.552297] ima: Allocated hash algorithm: sha1
[    1.554201] evm: HMAC attrs: 0x1
[    1.556643]   Magic number: 3:785:828
[    1.559191] rtc_cmos rtc_cmos: setting system clock to 2019-05-14 09:50:36 UTC (1557827436)
[    1.563457] BIOS EDD facility v0.16 2004-Jun-25, 0 devices found
[    1.566321] EDD information not available.
[    1.610666] Freeing unused kernel memory: 1484K
[    1.613093] Write protecting the kernel read-only data: 14336k
[    1.616412] Freeing unused kernel memory: 1620K
[    1.618537] Freeing unused kernel memory: 68K
Loading, please wait...
starting version 229
[    1.640407] random: systemd-udevd: uninitialized urandom read (16 bytes read, 3 bits of entropy available)
[    1.642425] random: udevadm: uninitialized urandom read (16 bytes read, 3 bits of entropy available)
[    1.642481] random: udevadm: uninitialized urandom read (16 bytes read, 3 bits of entropy available)
[    1.655105] random: systemd-udevd: uninitialized urandom read (16 bytes read, 3 bits of entropy available)
[    1.656911] random: udevadm: uninitialized urandom read (16 bytes read, 3 bits of entropy available)
[    1.656990] random: udevadm: uninitialized urandom read (16 bytes read, 3 bits of entropy available)
[    1.657258] random: udevadm: uninitialized urandom read (16 bytes read, 3 bits of entropy available)
[    1.657420] random: udevadm: uninitialized urandom read (16 bytes read, 3 bits of entropy available)
[    1.657518] random: udevadm: uninitialized urandom read (16 bytes read, 3 bits of entropy available)
[    1.657629] random: udevadm: uninitialized urandom read (16 bytes read, 3 bits of entropy available)
[    1.724233] e1000: Intel(R) PRO/1000 Network Driver - version 7.3.21-k8-NAPI
[    1.727917] e1000: Copyright (c) 1999-2006 Intel Corporation.
[    1.731087] Fusion MPT base driver 3.04.20
[    1.734624] Copyright (c) 1999-2008 LSI Corporation
[    1.790040] AVX2 version of gcm_enc/dec engaged.
[    1.793622] AES CTR mode by8 optimization enabled
[    1.810298] Fusion MPT SPI Host driver 3.04.20
[    1.980424] input: ImExPS/2 Generic Explorer Mouse as /devices/platform/i8042/serio1/input/input4
[    2.313153] e1000 0000:00:03.0 eth0: (PCI:33MHz:32-bit) 02:3a:f4:24:e2:72
[    2.317206] e1000 0000:00:03.0 eth0: Intel(R) PRO/1000 Network Connection
[    2.320057] tsc: Refined TSC clocksource calibration: 1599.087 MHz
[    2.322350] clocksource: tsc: mask: 0xffffffffffffffff max_cycles: 0x170cc66ca69, max_idle_ns: 440795216585 ns
[    2.816369] e1000 0000:00:08.0 eth1: (PCI:33MHz:32-bit) 08:00:27:62:38:dc
[    2.819005] e1000 0000:00:08.0 eth1: Intel(R) PRO/1000 Network Connection
[    2.824029] e1000 0000:00:03.0 enp0s3: renamed from eth0
[    2.826436] mptbase: ioc0: Initiating bringup
[    2.844875] e1000 0000:00:08.0 enp0s8: renamed from eth1
[    2.904682] ioc0: LSI53C1030 A0: Capabilities={Initiator}
[    3.072892] scsi host2: ioc0: LSI53C1030 A0, FwRev=00000000h, Ports=1, MaxQ=256, IRQ=20
[    3.197467] scsi 2:0:0:0: Direct-Access     VBOX     HARDDISK         1.0  PQ: 0 ANSI: 5
[    3.201574] scsi target2:0:0: Beginning Domain Validation
[    3.206932] scsi target2:0:0: Domain Validation skipping write tests
[    3.210732] scsi target2:0:0: Ending Domain Validation
[    3.225145] scsi target2:0:0: asynchronous
[    3.228131] scsi 2:0:1:0: Direct-Access     VBOX     HARDDISK         1.0  PQ: 0 ANSI: 5
[    3.233361] scsi target2:0:1: Beginning Domain Validation
[    3.239068] scsi target2:0:1: Domain Validation skipping write tests
[    3.243049] scsi target2:0:1: Ending Domain Validation
[    3.245928] scsi target2:0:1: asynchronous
[    3.257779] sd 2:0:0:0: Attached scsi generic sg0 type 0
[    3.260047] sd 2:0:0:0: [sda] 20971520 512-byte logical blocks: (10.7 GB/10.0 GiB)
[    3.265025] sd 2:0:1:0: Attached scsi generic sg1 type 0
[    3.267348] sd 2:0:1:0: [sdb] 20480 512-byte logical blocks: (10.5 MB/10.0 MiB)
[    3.267567] sd 2:0:0:0: [sda] Write Protect is off
[    3.268022] sd 2:0:0:0: [sda] Incomplete mode parameter data
[    3.268023] sd 2:0:0:0: [sda] Assuming drive cache: write through
[    3.269732]  sda: sda1
[    3.270787] sd 2:0:0:0: [sda] Attached SCSI disk
[    3.283588] sd 2:0:1:0: [sdb] Write Protect is off
[    3.286180] sd 2:0:1:0: [sdb] Incomplete mode parameter data
[    3.288658] sd 2:0:1:0: [sdb] Assuming drive cache: write through
[    3.297436] sd 2:0:1:0: [sdb] Attached SCSI disk
Begin: Loading essential drivers ... [    4.724432] md: linear personality registered for level -1
[    4.730687] md: multipath personality registered for level -4
[    4.736086] md: raid0 personality registered for level 0
[    4.745666] md: raid1 personality registered for level 1
[    4.820022] raid6: sse2x1   gen()  7411 MB/s
[    4.888228] raid6: sse2x1   xor()  5680 MB/s
[    4.956378] raid6: sse2x2   gen()  9313 MB/s
[    5.024405] raid6: sse2x2   xor()  6139 MB/s
[    5.092268] raid6: sse2x4   gen() 10513 MB/s
[    5.160405] raid6: sse2x4   xor()  7508 MB/s
[    5.228266] raid6: avx2x1   gen() 14515 MB/s
[    5.296305] raid6: avx2x2   gen() 16068 MB/s
[    5.364192] raid6: avx2x4   gen() 13796 MB/s
[    5.367874] raid6: using algorithm avx2x2 gen() 16068 MB/s
[    5.373617] raid6: using avx2x2 recovery algorithm
[    5.380983] xor: automatically using best checksumming function:
[    5.424724]    avx       :  9093.000 MB/sec
[    5.446747] async_tx: api initialized (async)
[    5.479018] md: raid6 personality registered for level 6
[    5.484230] md: raid5 personality registered for level 5
[    5.486860] md: raid4 personality registered for level 4
[    5.501095] md: raid10 personality registered for level 10
done.
Begin: Running /scripts/init-premount ... done.
Begin: Mounting root file system ... Begin: Running /scripts/local-top ... done.
Begin: Running /scripts/local-premount ... [    5.549169] Btrfs loaded
Scanning for Btrfs filesystems
done.
Warning: fsck not present, so skipping root file system
[    5.598946] EXT4-fs (sda1): mounted filesystem with ordered data mode. Opts: (null)
done.
Begin: Running /scripts/local-bottom ... done.
Begin: Running /scripts/init-bottom ... done.
[    5.740494] systemd[1]: systemd 229 running in system mode. (+PAM +AUDIT +SELINUX +IMA +APPARMOR +SMACK +SYSVINIT +UTMP +LIBCRYPTSETUP +GCRYPT +GNUTLS +ACL +XZ -LZ4 +SECCOMP +BLKID +ELFUTILS +KMOD -IDN)
[    5.749320] systemd[1]: Detected virtualization oracle.
[    5.751586] systemd[1]: Detected architecture x86-64.

Welcome to [1mUbuntu 16.04.6 LTS[0m!

[    5.765933] systemd[1]: Set hostname to <ubuntu>.
[    5.775322] systemd[1]: Initializing machine ID from random generator.
[    5.778312] systemd[1]: Installed transient /etc/machine-id file.
[    5.989919] systemd[1]: Reached target Encrypted Volumes.
[[0;32m  OK  [0m] Reached target Encrypted Volumes.
[    5.997019] systemd[1]: Created slice System Slice.
[[0;32m  OK  [0m] Created slice System Slice.
[    6.001549] systemd[1]: Listening on LVM2 poll daemon socket.
[[0;32m  OK  [0m] Listening on LVM2 poll daemon socket.
[    6.006487] systemd[1]: Listening on udev Control Socket.
[[0;32m  OK  [0m] Listening on udev Control Socket.
[    6.012417] systemd[1]: Listening on /dev/initctl Compatibility Named Pipe.
[[0;32m  OK  [0m] Listening on /dev/initctl Compatibility Named Pipe.
[    6.018579] systemd[1]: Listening on udev Kernel Socket.
[[0;32m  OK  [0m] Listening on udev Kernel Socket.
[    6.028726] systemd[1]: Reached target Swap.
[[0;32m  OK  [0m] Reached target Swap.
[    6.033346] systemd[1]: Listening on Syslog Socket.
[[0;32m  OK  [0m] Listening on Syslog Socket.
[    6.037654] systemd[1]: Reached target User and Group Name Lookups.
[[0;32m  OK  [0m] Reached target User and Group Name Lookups.
[    6.044450] systemd[1]: Created slice system-serial\x2dgetty.slice.
[[0;32m  OK  [0m] Created slice system-serial\x2dgetty.slice.
[    6.049743] systemd[1]: Listening on Journal Socket.
[[0;32m  OK  [0m] Listening on Journal Socket.
[    6.064392] systemd[1]: Starting Nameserver information manager...
         Starting Nameserver information manager...
[    6.072437] systemd[1]: Starting Remount Root and Kernel File Systems...
         Starting Remount Root and Kernel File Systems...
[    6.081239] systemd[1]: Starting Uncomplicated firewall...
[    6.081789] EXT4-fs (sda1): re-mounted. Opts: (null)
         Starting Uncomplicated firewall...
[    6.089951] systemd[1]: Mounting POSIX Message Queue File System...
         Mounting POSIX Message Queue File System...
[    6.096192] systemd[1]: Listening on Journal Socket (/dev/log).
[[0;32m  OK  [0m] Listening on Journal Socket (/dev/log).
[    6.103384] systemd[1]: Created slice User and Session Slice.
[[0;32m  OK  [0m] Created slice User and Session Slice.
[    6.108689] systemd[1]: Reached target Slices.
[[0;32m  OK  [0m] Reached target Slices.
[    6.112625] systemd[1]: Listening on Device-mapper event daemon FIFOs.
[[0;32m  OK  [0m] Listening on Device-mapper event daemon FIFOs.
[    6.118168] systemd[1]: Started Forward Password Requests to Wall Directory Watch.
[[0;32m  OK  [0m] Started Forward Password Requests to Wall Directory Watch.
[    6.136777] systemd[1]: Mounting Huge Pages File System...
         Mounting Huge Pages File System...
[    6.144693] systemd[1]: Starting Set console keymap...
         Starting Set console keymap...
[    6.149997] systemd[1]: Starting Create list of required static device nodes for the current kernel...
         Starting Create list of required st... nodes for the current kernel...
[    6.163164] systemd[1]: Starting Load Kernel Modules...
         Starting Load Kernel Modules...
[    6.172360] systemd[1]: Started Trigger resolvconf update for networkd DNS.
[[0;32m  OK  [0m] Started Trigger resolvconf update for networkd DNS.
[    6.182702] Loading iSCSI transport class v2.0-870.
[    6.192783] iscsi: registered transport (tcp)
[    6.196130] systemd[1]: Mounting Debug File System...
         Mounting Debug File System...
[    6.201389] systemd[1]: Set up automount Arbitrary Executable File Formats File System Automount Point.
[[0;32m  OK  [0m] Set up automount Arbitrary Executab...ats File System Automount Point.
[    6.217177] systemd[1]: Reached target System Time Synchronized.
[[0;32m  OK  [0m] Reached target System Time Synchronized.
[    6.224421] systemd[1]: Listening on LVM2 metadata daemon socket.
[[0;32m  OK  [0m] Listening on LVM2 metadata daemon socket.
[    6.243328] iscsi: registered transport (iser)
[    6.244451] systemd[1]: Starting Monitoring of LVM2 mirrors, snapshots etc. using dmeventd or progress polling...
         Starting Monitoring of LVM2 mirrors... dmeventd or progress polling...
[    6.255811] systemd[1]: Listening on Journal Audit Socket.
[[0;32m  OK  [0m] Listening on Journal Audit Socket.
[    6.265271] systemd[1]: Starting Journal Service...
         Starting Journal Service...
[    6.282073] systemd[1]: Mounted POSIX Message Queue File System.
[[0;32m  OK  [0m] Mounted POSIX Message Queue File System.
[    6.296555] systemd[1]: Mounted Debug File System.
[[0;32m  OK  [0m] Mounted Debug File System.
[    6.301307] systemd[1]: Mounted Huge Pages File System.
[[0;32m  OK  [0m] Mounted Huge Pages File System.
[    6.306475] systemd[1]: Started Journal Service.
[[0;32m  OK  [0m] Started Journal Service.
[[0;32m  OK  [0m] Started Remount Root and Kernel File Systems.
[[0;32m  OK  [0m] Started Uncomplicated firewall.
[[0;32m  OK  [0m] Started Set console keymap.
[[0;32m  OK  [0m] Started Create list of required sta...ce nodes for the current kernel.
[[0;32m  OK  [0m] Started Load Kernel Modules.
[[0;32m  OK  [0m] Started Nameserver information manager.
[[0;32m  OK  [0m] Started LVM2 metadata daemon.
         Mounting FUSE Control File System...
         Starting Apply Kernel Variables...
         Starting Create Static Device Nodes in /dev...
         Starting Load/Save Random Seed...
         Starting udev Coldplug all Devices...
         Starting Flush Journal to Persistent Storage...
[    6.437449] random: nonblocking pool is initialized
[[0;32m  OK  [0m] Mounted FUSE Control File System.
[[0;32m  OK  [0m] Started Apply Kernel Variables.
[[0;32m  OK  [0m] Started Load/Save Random Seed.
[[0;32m  OK  [0m] Started Create Static Device Nodes in /dev.
[[0;32m  OK  [0m] Started Flush Journal to Persistent Storage.
[[0;32m  OK  [0m] Started udev Coldplug all Devices.
         Starting udev Kernel Device Manager...
[[0;32m  OK  [0m] Started udev Kernel Device Manager.
[[0;32m  OK  [0m] Started Dispatch Password Requests to Console Directory Watch.
[[0;32m  OK  [0m] Started Monitoring of LVM2 mirrors,...ng dmeventd or progress polling.
[[0;32m  OK  [0m] Reached target Local File Systems (Pre).
[[0;32m  OK  [0m] Reached target Local File Systems.
         Starting Create Volatile Files and Directories...
         Starting Set console font and keymap...
         Starting Tell Plymouth To Write Out Runtime Data...
         Starting Initial cloud-init job (pre-networking)...
         Starting Commit a transient machine-id on disk...
         Starting LSB: AppArmor initialization...
[[0;32m  OK  [0m] Started Create Volatile Files and Directories.
[[0;32m  OK  [0m] Started Tell Plymouth To Write Out Runtime Data.
[[0;32m  OK  [0m] Started Commit a transient machine-id on disk.
[[0;32m  OK  [0m] Found device /dev/ttyS0.
[[0;32m  OK  [0m] Listening on Load/Save RF Kill Switch Status /dev/rfkill Watch.
         Starting Update UTMP about System Boot/Shutdown...
[[0;32m  OK  [0m] Started Update UTMP about System Boot/Shutdown.
[    8.252243] cloud-init[488]: Cloud-init v. 18.5-45-g3554ffe8-0ubuntu1~16.04.1 running 'init-local' at Tue, 14 May 2019 09:50:43 +0000. Up 7.70 seconds.
[[0;32m  OK  [0m] Started Initial cloud-init job (pre-networking).
[[0;32m  OK  [0m] Reached target Network (Pre).
[[0;32m  OK  [0m] Started LSB: AppArmor initialization.
         Starting Raise network interfaces...
[[0;32m  OK  [0m] Started Set console font and keymap.
[[0;32m  OK  [0m] Created slice system-getty.slice.
[[0;32m  OK  [0m] Started Raise network interfaces.
[[0;32m  OK  [0m] Reached target Network.
         Starting Initial cloud-init job (metadata service crawler)...
[   10.010102] cloud-init[960]: Cloud-init v. 18.5-45-g3554ffe8-0ubuntu1~16.04.1 running 'init' at Tue, 14 May 2019 09:50:44 +0000. Up 9.29 seconds.
[   10.014696] cloud-init[960]: ci-info: ++++++++++++++++++++++++++++++++++++++Net device info+++++++++++++++++++++++++++++++++++++++
[   10.024733] cloud-init[960]: ci-info: +--------+-------+----------------------------+---------------+--------+-------------------+
[   10.036838] cloud-init[960]: ci-info: | Device |   Up  |          Address           |      Mask     | Scope  |     Hw-Address    |
[   10.042009] cloud-init[960]: ci-info: +--------+-------+----------------------------+---------------+--------+-------------------+
[   10.048255] cloud-init[960]: ci-info: | enp0s3 |  True |         10.0.2.15          | 255.255.255.0 | global | 02:3a:f4:24:e2:72 |
[   10.054498] cloud-init[960]: ci-info: | enp0s3 |  True | fe80::3a:f4ff:fe24:e272/64 |       .       |  link  | 02:3a:f4:24:e2:72 |
[   10.060483] cloud-init[960]: ci-info: | enp0s8 | False |             .              |       .       |   .    | 08:00:27:62:38:dc |
[   10.066646] cloud-init[960]: ci-info: |   lo   |  True |         127.0.0.1          |   255.0.0.0   |  host  |         .         |
[   10.073021] cloud-init[960]: ci-info: |   lo   |  True |          ::1/128           |       .       |  host  |         .         |
[   10.079431] cloud-init[960]: ci-info: +--------+-------+----------------------------+---------------+--------+-------------------+
[   10.086101] cloud-init[960]: ci-info: +++++++++++++++++++++++++++Route IPv4 info++++++++++++++++++++++++++++[[0;32m  OK  [0m] Started Initial cloud-init job (metadata service crawler).

[   10.092676] cloud-init[960]: ci-info: +-------+-------------+----------+---------------+-----------+-------+
[   10.093134] cloud-init[960]: ci-info: | Route | Destination | Gateway  |    Genmask    | Interface | Flags |
[   10.094023] cloud-init[960]: ci-info: +-------+-------------+----------+---------------+-----------+-------+
[[0;32m  OK  [0m] Reached target System Initialization.
[   10.098875] cloud-init[960]: ci-info: |   0   |   0.0.0.0   | 10.0.2.2 |    0.0.0.0    |   enp0s3  |   UG  |
[   10.105882] [cloud-init[0;32m  OK  [0m[960]: ] ci-info: |   1   |   10.0.2.0  | 0.0.0.0  | 255.255.255.0 |   enp0s3  |   U   |Listening on D-Bus System Message Bus Socket.

[[   10.107712] cloud-init[960]: ci-info: +-------+-------------+----------+---------------+-----------+-------+
[   10.116984] cloud-init[960]: ci-info: +++++++++++++++++++Route IPv6 info+++++++++++++++++++
[   10.121168] cloud-init[960]: ci-info: +-------+-------------+---------+-----------+-------+
[   10.124407] cloud-init[960]: ci-info: | Route | Destination | Gateway | Interface | Flags |
[   10.127373] cloud-init[960]: ci-info: +-------+-------------+---------+-----------+-------+
[   10.130670] cloud-init[960]: ci-info: |   0   |  fe80::/64  |    ::   |   enp0s3  |   U   |
[0;32m  OK  [0m] Listening on ACPID Listen Socket.
[   10.130840] cloud-init[960]: ci-info: |   3   |   ff00::/8  |    ::   |   enp0s3  |   U   |
[   10.137515] cloud-init[960]: ci-info: +-------+-------------+---------+-----------+-------+
[   10.141610] cloud-init[960]: Generating public/private rsa key pair.
[   10.144578] cloud-init[960]: Your identification has been saved in /etc/ssh/ssh_host_rsa_key.
[   10.147106] cloud-init[960]: Your public key has been saved in /etc/ssh/ssh_host_rsa_key.pub.
         [   10.153235] cloud-init[960]: The key fingerprint is:
[   10.153432] cloud-init[960]: SHA256:cNVBQSEg8cusCa9F6XlM+W+ZQWiZQRCnHLWXQD1ZZaU root@ubuntu-xenial
Starting Socket activation for snappy daemon.[   10.158137] cloud-init[960]: The key's randomart image is:
[   10.159924] cloud-init[960]: +---[RSA 2048]----+
[   10.162707] cloud-init[960]: |      o.=BO=**..=|
[   10.164162] cloud-init[960]: |       + =.+=. o |
[   10.165808] cloud-init[960]: |      . = .=o.E  |
[   10.167386] cloud-init[960]: |       * o=..    |

[   10.172579] cloud-init[960]: |    . o S. .     |
[   10.172724] cloud-init[960]: |     = * .  .    |
[   10.176135] cloud-init[960]: |      B o .  +   |
         Starting LXD - unix socket.[   10.179321] cloud-init[960]: |     o .   .+    |
[   10.180597] cloud-init[960]: |    .      ..    |
[   10.183732] cloud-init[960]: +----[SHA256]-----+
[   10.185060] cloud-init[960]: Generating public/private dsa key pair.
[   10.187482] cloud-init[960]: Your identification has been saved in /etc/ssh/ssh_host_dsa_key.
[   10.190024] cloud-init[960]: Your public key has been saved in /etc/ssh/ssh_host_dsa_key.pub.
[   10.193393] cloud-init[960]: The key fingerprint is:

[   10.197256] cloud-init[960]: SHA256:LgzAWxogXMCkv+DEJhFVgn6aD8wwuBUltQC8yhvNz38 root@ubuntu-xenial
[   10.197533] cloud-init[960]: The key's randomart image is:
[   10.198517] cloud-init[960]: +---[DSA 1024]----+
[[   10.199136] cloud-init[960]: |X*B=+            |
[   10.204146] cloud-init[960]: |+B.+ .           |
[   10.206461] cloud-init[960]: |= =.o            |
[   10.207925] cloud-init[960]: |==.B             |
[   10.210436] cloud-init[960]: |OBX .   S        |
[   10.211718] cloud-init[960]: |BX + o .         |
[   10.214844] cloud-init[960]: | .* o o .        |
[0;32m  OK  [0m] Started Daily Cleanup of Temporary Directories.
[   10.215077] cloud-init[960]: | . . o . E       |
[   10.221120] cloud-init[960]: |      ...        |
[   10.221536] cloud-init[960]: +----[SHA256]-----+
[   10.223628] cloud-init[960]: Generating public/private ecdsa key pair.
[   10.224724] cloud-init[960]: Your identification has been saved in /etc/ssh/ssh_host_ecdsa_key.
[   10.227867] cloud-init[960]: Your public key has been saved in /etc/ssh/ssh_host_ecdsa_key.pub.
[   10.228427] cloud-init[960]: The key fingerprint is:
[[0;32m  OK  [0m] Started ACPI Events Check.
[[   10.228535] cloud-init[960]: SHA256:59ucZZdT/ToNPwKAdWR3qQ+ltwWtmmTN/yrxM6EZmNI root@ubuntu-xenial
[   10.245991] cloud-init[960]: The key's randomart image is:
[   10.247483] cloud-init[960]: +---[ECDSA 256]---+
[   10.249042] cloud-init[960]: |          .o . o.|
[0;32m  OK  [0m[   10.255537] cloud-init[960]: |         .... oo.|
[   10.256222] cloud-init[960]: |        o .  o+o |
] Reached target Paths.
[[   10.257423] cloud-init[960]: |       . .  o++.o|
[   10.261203] cloud-init[960]: |        S.o= o+.=|
[   10.264188] cloud-init[960]: |        .oE.= oo=|
[   10.265629] cloud-init[960]: |         .. .*oB+|
[   10.268020] cloud-init[960]: |           ++==+=|
[   10.269550] cloud-init[960]: |          . +.+=.|
[   10.271972] cloud-init[960]: +----[SHA256]-----+
[   10.273303] cloud-init[960]: Generating public/private ed25519 key pair.
[   10.275723] cloud-init[960]: Your identification has been saved in /etc/ssh/ssh_host_ed25519_key.
[   10.278785] cloud-init[960]: Your public key has been saved in /etc/ssh/ssh_host_ed25519_key.pub.
[   10.282472] cloud-init[960]: The key fingerprint is:
[   10.285320] cloud-init[960]: SHA256:zAC8RiAYpGRAOSuXqOwYmyu7vNwV2H85Mikd4VDqj90 root@ubuntu-xenial
[   10.286535] cloud-init[960]: The key's randomart image is:
[   10.291008] cloud-init[960]: +--[ED25519 256]--+
[   10.293013] cloud-init[960]: |O*oo.  .         |
[   10.294556] cloud-init[960]: |=+  o.o          |
[   10.296570] cloud-init[960]: |..oo +..         |
[   10.297970] cloud-init[960]: |o.o * o+.        |
[0;32m  OK  [0m] Listening on UUID daemon activation socket.
[[   10.300536] cloud-init[960]: |+. o + oS        |
[   10.304319] cloud-init[960]: |o.    B + .      |
[0;32m  OK  [0m[   10.307285] cloud-init[960]: |o+   + O E       |
[   10.307871] cloud-init[960]: |B.. . . + .      |
[   10.309818] cloud-init[960]: |=B..             |
] [   10.312505] cloud-init[960]: +----[SHA256]-----+
Started Daily apt download activities.
[[0;32m  OK  [0m] Started Daily apt upgrade and clean activities.
[[0;32m  OK  [0m] Reached target Timers.
[[0;32m  OK  [0m] Reached target Cloud-config availability.
[[0;32m  OK  [0m] Reached target Network is Online.
         Starting iSCSI initiator daemon (iscsid)...
[[0;32m  OK  [0m] Listening on Socket activation for snappy daemon.
[[0;32m  OK  [0m] Listening on LXD - unix socket.
[[0;32m  OK  [0m] Reached target Sockets.
[[0;32m  OK  [0m] Reached target Basic System.
[[0;32m  OK  [0m] Started D-Bus System Message Bus.
         Starting /etc/rc.local Compatibility...
         Starting LSB: MD monitoring daemon...
         Starting Virtualbox guest utils...
         Starting Login Service...
         Starting Pollinate to seed the pseudo random number generator...
[[0;32m  OK  [0m] Started Deferred execution scheduler.
         Starting System Logging Service...
[[0;32m  OK  [0m] Started Regular background program processing daemon.
         Starting LXD - container startup/shutdown...
[[0;32m  OK  [0m] Started FUSE filesystem for LXC.
         Starting LSB: Record successful boot for GRUB...
[[0;32m  OK  [0m] Started ACPI event daemon.
         Starting Accounts Service...
         Starting Snappy daemon...
[[0;32m  OK  [0m] Started Unattended Upgrades Shutdown.
[[0;32m  OK  [0m] Started /etc/rc.local Compatibility.
[[0;32m  OK  [0m] Started iSCSI initiator daemon (iscsid).
[[0;32m  OK  [0m] Started System Logging Service.
[[0;32m  OK  [0m] Started LSB: MD monitoring daemon.
[[0;32m  OK  [0m] Started LXD - container startup/shutdown.
         Starting Login to default iSCSI targets...
[[0;32m  OK  [0m] Started Login Service.
         Starting Authenticate and Authorize Users to Run Privileged Tasks...
[[0;32m  OK  [0m] Started LSB: Record successful boot for GRUB.
[[0;32m  OK  [0m] Started Login to default iSCSI targets.
[[0;32m  OK  [0m] Started Authenticate and Authorize Users to Run Privileged Tasks.
[[0;32m  OK  [0m] Reached target Remote File Systems (Pre).
[[0;32m  OK  [0m] Reached target Remote File Systems.
         Starting LSB: automatic crash report generation...
         Starting LSB: Set the CPU Frequency Scaling governor to "ondemand"...
         Starting LSB: daemon to balance interrupts for SMP systems...
         Starting Permit User Sessions...
[[0;32m  OK  [0m] Started Virtualbox guest utils.
[[0;32m  OK  [0m] Started Permit User Sessions.
[[0;32m  OK  [0m] Started Accounts Service.
         Starting Hold until boot process finishes up...
         Starting Terminate Plymouth Boot Screen...
[[0;32m  OK  [0m] Started LSB: Set the CPU Frequency Scaling governor to "ondemand".
[[0;32m  OK  [0m] Started LSB: daemon to balance interrupts for SMP systems.
[[0;32m  OK  [0m] Started Hold until boot process finishes up.
[[0;32m  OK  [0m] Started Terminate Plymouth Boot Screen.
[[0;32m  OK  [0m] Started LSB: automatic crash report generation.
[[0;32m  OK  [0m] Started Pollinate to seed the pseudo random number generator.
[[0;32m  OK  [0m] Started Snappy daemon.
         Starting Wait until snapd is fully seeded...
         Starting OpenBSD Secure Shell server...
[[0;32m  OK  [0m] Started Getty on tty1.
         Starting Set console scheme...
[[0;32m  OK  [0m] Started Serial Getty on ttyS0.
[[0;32m  OK  [0m] Reached target Login Prompts.
[[0;32m  OK  [0m] Started Set console scheme.
[[0;32m  OK  [0m] Started OpenBSD Secure Shell server.
[[0;32m  OK  [0m] Created slice User Slice of vagrant.
         Starting User Manager for UID 1000...
[[0;32m  OK  [0m] Started Session 1 of user vagrant.
[[0;32m  OK  [0m] Started User Manager for UID 1000.
[[0;32m  OK  [0m] Started Wait until snapd is fully seeded.
         Starting Apply the settings specified in cloud-config...
[[0;32m  OK  [0m] Reached target Multi-User System.
[[0;32m  OK  [0m] Reached target Graphical Interface.
         Starting Update UTMP about System Runlevel Changes...
[[0;32m  OK  [0m] Started Update UTMP about System Runlevel Changes.
[   14.736441] cloud-init[1404]: Generating locales (this might take a while)...
         Stopping User Manager for UID 1000...
[[0;32m  OK  [0m] Stopped User Manager for UID 1000.
[[0;32m  OK  [0m] Removed slice User Slice of vagrant.
[[0;32m  OK  [0m] Created slice User Slice of vagrant.
         Starting User Manager for UID 1000...
[[0;32m  OK  [0m] Started Session 2 of user vagrant.
[[0;32m  OK  [0m] Started User Manager for UID 1000.
[   16.361978] cloud-init[1404]:   en_US.UTF-8... done
[   16.365318] cloud-init[1404]: Generation complete.
[   17.042321] cloud-init[1404]: Cloud-init v. 18.5-45-g3554ffe8-0ubuntu1~16.04.1 running 'modules:config' at Tue, 14 May 2019 09:50:49 +0000. Up 14.50 seconds.

Ubuntu 16.04.6 LTS ubuntu-xenial ttyS0

ubuntu-xenial login: ci-info: no authorized ssh keys fingerprints found for user ubuntu.
<14>May 14 09:50:53 ec2: 
<14>May 14 09:50:53 ec2: #############################################################
<14>May 14 09:50:53 ec2: -----BEGIN SSH HOST KEY FINGERPRINTS-----
<14>May 14 09:50:53 ec2: 1024 SHA256:LgzAWxogXMCkv+DEJhFVgn6aD8wwuBUltQC8yhvNz38 root@ubuntu-xenial (DSA)
<14>May 14 09:50:53 ec2: 256 SHA256:59ucZZdT/ToNPwKAdWR3qQ+ltwWtmmTN/yrxM6EZmNI root@ubuntu-xenial (ECDSA)
<14>May 14 09:50:53 ec2: 256 SHA256:zAC8RiAYpGRAOSuXqOwYmyu7vNwV2H85Mikd4VDqj90 root@ubuntu-xenial (ED25519)
<14>May 14 09:50:53 ec2: 2048 SHA256:cNVBQSEg8cusCa9F6XlM+W+ZQWiZQRCnHLWXQD1ZZaU root@ubuntu-xenial (RSA)
<14>May 14 09:50:53 ec2: -----END SSH HOST KEY FINGERPRINTS-----
<14>May 14 09:50:53 ec2: #############################################################
-----BEGIN SSH HOST KEY KEYS-----
ecdsa-sha2-nistp256 AAAAE2VjZHNhLXNoYTItbmlzdHAyNTYAAAAIbmlzdHAyNTYAAABBBBmJQm6zO/DE1KjmvULRurRgLf/JGAt+SNshPeGHGW53qAbGH9uwi8CDHxwwALObix7ApT0TEA/nhR9xcA1Ym9Q= root@ubuntu-xenial
ssh-ed25519 AAAAC3NzaC1lZDI1NTE5AAAAIHY9IBiLI9AxJ6X0e9rNpdTT5+d9xzdvJatGww7SM8Sy root@ubuntu-xenial
ssh-rsa AAAAB3NzaC1yc2EAAAADAQABAAABAQC75tq601qH2TxBEPpgwKMPiYqHA0S/1LsysRC8mgGk4GVNEU9YMnHB/O2NsUQw/HA9p3gtgnurbABEEotFmncE57+L4Rg16dEt9p0wBP5CHIjhiONSUsRsRMFm5h2oB4ViDDXFpI14/W6eV/ABfnC+iYEwlyZm9uTODRmUg810WIKVsYVCTDUwPNZO/xyBmdcFIh0vq9vpVpJo+AlaQ2HkOlEloXtUncq3gM3EOiC60o/q9b3C9C+4d14c4xQ4QD8HDQ8dDwgufrUmEjwc9h4Q3f1T+ICWZ67myBq8WXeHS7sBYGx7MUDTEhrBVebWNsG9LLeZa9YUNAsIzRFssD4L root@ubuntu-xenial
-----END SSH HOST KEY KEYS-----
[   18.179598] cloud-init[1689]: Cloud-init v. 18.5-45-g3554ffe8-0ubuntu1~16.04.1 running 'modules:final' at Tue, 14 May 2019 09:50:53 +0000. Up 17.93 seconds.
[   18.179959] cloud-init[1689]: ci-info: no authorized ssh keys fingerprints found for user ubuntu.
[   18.184962] cloud-init[1689]: Cloud-init v. 18.5-45-g3554ffe8-0ubuntu1~16.04.1 finished at Tue, 14 May 2019 09:50:53 +0000. Datasource DataSourceNoCloud [seed=/dev/sdb][dsmode=net].  Up 18.14 seconds
